<?xml version="1.0" encoding="UTF-8"?>
<testsuite name="TestSuite" time="44.401" tests="7" errors="0" skipped="0" failures="2">
  <properties>
[...]
</properties>
  <testcase name="validUserLoginTestCase" classname="org.example.LoginPageTest" time="4.521"/>
  <testcase name="invalidUserCredentialsTest" classname="org.example.LoginPageTest" time="2.379"/>
  <testcase name="emptyUserCredentialsTest" classname="org.example.LoginPageTest" time="1.983"/>
  <testcase name="forgotPassword" classname="org.example.LoginPageTest" time="1.327"/>
  <testcase name="addUsersTest" classname="org.example.UserPageTest" time="20.203">
    <failure message="no such element: Unable to locate element: {&quot;method&quot;:&quot;css selector&quot;,&quot;selector&quot;:&quot;BUTTON.swal-button.swal-button--confirm&quot;}&#10;  (Session info: chrome=94.0.4606.54)&#10;  (Driver info: chromedriver=94.0.4606.41 (333e85df3c9b656b518b5f1add5ff246365b6c24-refs/branch-heads/4606@{#845}),platform=Windows NT 6.1.7601 SP1 x86_64) (WARNING: The server did not provide any stacktrace information)&#10;Command duration or timeout: 0 milliseconds&#10;For documentation on this error, please visit: https://www.seleniumhq.org/exceptions/no_such_element.html&#10;Build info: version: &apos;3.141.59&apos;, revision: &apos;e82be7d358&apos;, time: &apos;2018-11-14T08:17:03&apos;&#10;System info: host: &apos;ip-172-31-47-123.us-east-2.compute.internal&apos;, ip: &apos;172.31.47.123&apos;, os.name: &apos;Linux&apos;, os.arch: &apos;amd64&apos;, os.version: &apos;4.14.248-189.473.amzn2.x86_64&apos;, java.version: &apos;1.8.0_302&apos;&#10;Driver info: org.openqa.selenium.remote.RemoteWebDriver&#10;Capabilities {acceptInsecureCerts: false, acceptSslCerts: false, applicationCacheEnabled: false, browserConnectionEnabled: false, browserName: chrome, chrome: {chromedriverVersion: 94.0.4606.41 (333e85df3c9b6..., userDataDir: C:\Users\ADMINI~1\AppData\L...}, cssSelectorsEnabled: true, databaseEnabled: false, goog:chromeOptions: {debuggerAddress: localhost:49216}, handlesAlerts: true, hasMetadata: true, hasTouchScreen: false, javascriptEnabled: true, locationContextEnabled: true, mobileEmulationEnabled: false, nativeEvents: true, networkConnectionEnabled: false, pageLoadStrategy: normal, platform: WINDOWS, platformName: WINDOWS, proxy: Proxy(), rotatable: false, setWindowRect: true, strictFileInteractability: false, takesHeapSnapshot: true, takesScreenshot: true, timeouts: {implicit: 0, pageLoad: 300000, script: 30000}, unexpectedAlertBehaviour: ignore, unhandledPromptBehavior: ignore, version: 94.0.4606.54, webStorageEnabled: true, webauthn:extension:credBlob: true, webauthn:extension:largeBlob: true, webauthn:virtualAuthenticators: true, webdriver.remote.sessionid: c13fc372d6014e0d86efcf534fd...}&#10;Session ID: c13fc372d6014e0d86efcf534fdd4063&#10;*** Element info: {Using=css selector, value=BUTTON.swal-button.swal-button--confirm}" type="org.openqa.selenium.NoSuchElementException">org.openqa.selenium.NoSuchElementException: no such element: Unable to locate element: {"method":"css selector","selector":"BUTTON.swal-button.swal-button--confirm"}
  (Session info: chrome=94.0.4606.54)
  (Driver info: chromedriver=94.0.4606.41 (333e85df3c9b656b518b5f1add5ff246365b6c24-refs/branch-heads/4606@{#845}),platform=Windows NT 6.1.7601 SP1 x86_64) (WARNING: The server did not provide any stacktrace information)
Command duration or timeout: 0 milliseconds
For documentation on this error, please visit: https://www.seleniumhq.org/exceptions/no_such_element.html
Build info: version: '3.141.59', revision: 'e82be7d358', time: '2018-11-14T08:17:03'
System info: host: 'ip-172-31-47-123.us-east-2.compute.internal', ip: '172.31.47.123', os.name: 'Linux', os.arch: 'amd64', os.version: '4.14.248-189.473.amzn2.x86_64', java.version: '1.8.0_302'
Driver info: org.openqa.selenium.remote.RemoteWebDriver
Capabilities {acceptInsecureCerts: false, acceptSslCerts: false, applicationCacheEnabled: false, browserConnectionEnabled: false, browserName: chrome, chrome: {chromedriverVersion: 94.0.4606.41 (333e85df3c9b6..., userDataDir: C:\Users\ADMINI~1\AppData\L...}, cssSelectorsEnabled: true, databaseEnabled: false, goog:chromeOptions: {debuggerAddress: localhost:49216}, handlesAlerts: true, hasMetadata: true, hasTouchScreen: false, javascriptEnabled: true, locationContextEnabled: true, mobileEmulationEnabled: false, nativeEvents: true, networkConnectionEnabled: false, pageLoadStrategy: normal, platform: WINDOWS, platformName: WINDOWS, proxy: Proxy(), rotatable: false, setWindowRect: true, strictFileInteractability: false, takesHeapSnapshot: true, takesScreenshot: true, timeouts: {implicit: 0, pageLoad: 300000, script: 30000}, unexpectedAlertBehaviour: ignore, unhandledPromptBehavior: ignore, version: 94.0.4606.54, webStorageEnabled: true, webauthn:extension:credBlob: true, webauthn:extension:largeBlob: true, webauthn:virtualAuthenticators: true, webdriver.remote.sessionid: c13fc372d6014e0d86efcf534fd...}
Session ID: c13fc372d6014e0d86efcf534fdd4063
*** Element info: {Using=css selector, value=BUTTON.swal-button.swal-button--confirm}
	at sun.reflect.NativeConstructorAccessorImpl.newInstance0(Native Method)
	at sun.reflect.NativeConstructorAccessorImpl.newInstance(NativeConstructorAccessorImpl.java:62)
	at sun.reflect.DelegatingConstructorAccessorImpl.newInstance(DelegatingConstructorAccessorImpl.java:45)
	at java.lang.reflect.Constructor.newInstance(Constructor.java:423)
	at org.openqa.selenium.remote.ErrorHandler.createThrowable(ErrorHandler.java:214)
	at org.openqa.selenium.remote.ErrorHandler.throwIfResponseFailed(ErrorHandler.java:166)
	at org.openqa.selenium.remote.http.JsonHttpResponseCodec.reconstructValue(JsonHttpResponseCodec.java:40)
	at org.openqa.selenium.remote.http.AbstractHttpResponseCodec.decode(AbstractHttpResponseCodec.java:80)
	at org.openqa.selenium.remote.http.AbstractHttpResponseCodec.decode(AbstractHttpResponseCodec.java:44)
	at org.openqa.selenium.remote.HttpCommandExecutor.execute(HttpCommandExecutor.java:158)
	at org.openqa.selenium.remote.RemoteWebDriver.execute(RemoteWebDriver.java:552)
	at org.openqa.selenium.remote.RemoteWebDriver.findElement(RemoteWebDriver.java:323)
	at org.openqa.selenium.remote.RemoteWebDriver.findElementByCssSelector(RemoteWebDriver.java:420)
	at org.openqa.selenium.By$ByCssSelector.findElement(By.java:431)
	at org.openqa.selenium.remote.RemoteWebDriver.findElement(RemoteWebDriver.java:315)
	at org.openqa.selenium.support.pagefactory.DefaultElementLocator.findElement(DefaultElementLocator.java:69)
	at org.openqa.selenium.support.pagefactory.internal.LocatingElementHandler.invoke(LocatingElementHandler.java:38)
	at com.sun.proxy.$Proxy7.click(Unknown Source)
	at org.example.ClientsPage.addUserDetails(ClientsPage.java:66)
	at org.example.UserPageTest.addUsersTest(UserPageTest.java:28)
</failure>
    <system-out>SauceLabs
Cloud URL : https://oauth-akshaykumarreddy786-ecbe5:93a2337b-a370-44ec-8639-c4ea3f85ccf6@ondemand.us-west-1.saucelabs.com:443/wd/hub
madhoo+2@zodha.com
123123Aa@
madhoo+2@zodha.com
123123Aa@
madhoo+2@zodha.com
</system-out>
    <system-err>Oct 14, 2021 10:36:12 AM org.openqa.selenium.remote.ProtocolHandshake createSession
INFO: Detected dialect: OSS
</system-err>
  </testcase>
  <testcase name="editUserTest" classname="org.example.UserPageTest" time="8.049"/>
  <testcase name="deleteUsersTest" classname="org.example.UserPageTest" time="5.939">
    <failure message="expected [An invitation to john.mird+591@gmail.com was cancelled] but found [failed]" type="java.lang.AssertionError">java.lang.AssertionError: expected [An invitation to john.mird+591@gmail.com was cancelled] but found [failed]
	at org.testng.Assert.fail(Assert.java:99)
	at org.testng.Assert.failNotEquals(Assert.java:1037)
	at org.testng.Assert.assertEqualsImpl(Assert.java:140)
	at org.testng.Assert.assertEquals(Assert.java:122)
	at org.testng.Assert.assertEquals(Assert.java:629)
	at org.testng.Assert.assertEquals(Assert.java:639)
	at org.example.UserPageTest.deleteUsersTest(UserPageTest.java:50)
</failure>
    <system-out><![CDATA[john.mird+82165@gmail.com
Pending Invitation • Invite Link • Campaigns: View / Export • LI Searches: View / Create & Edit
john.mird+abcffff@gmail.com
Pending Invitation • Invite Link • Campaigns: View / Create & Edit / Export • LI Searches:
john.mird+879@gmail.com
Pending Invitation • Invite Link • Campaigns: View / Create & Edit / Export • LI Searches:
john.mird+2222@gmail.com
Pending Invitation • Invite Link • Campaigns: View / Create & Edit / Export • LI Searches:
john.mird+abc@gmail.com
Pending Invitation • Invite Link • Campaigns: View / Create & Edit / Export • LI Searches:
john.mird+abcff@gmail.com
Pending Invitation • Invite Link • Campaigns: View / Create & Edit / Export • LI Searches:
john.mird+2@gmail.com
Pending Invitation • Invite Link • Campaigns: View / Create & Edit / Export • LI Searches:
john.mird+962@gmail.com
Pending Invitation • Invite Link • Campaigns: View / Create & Edit / Export • LI Searches:
john.mird+449@gmail.com
Pending Invitation • Invite Link • Campaigns: View / Create & Edit / Export • LI Searches:
john.mird+314@gmail.com
Pending Invitation • Invite Link • Campaigns: View / Create & Edit / Export • LI Searches:
]]></system-out>
  </testcase>
</testsuite>